<?xml version="1.0" encoding="UTF-8"?>
<!-- Generated by org.testng.reporters.JUnitXMLReporter -->
<testsuite hostname="01HW510223" name="Test" tests="1" failures="0" timestamp="10 Feb 2017 14:39:14 GMT" time="1221.499" errors="0">
  <testcase name="@AfterTest closeb" time="0.0" classname="iaccinteg.democlassurl">
    <failure type="org.openqa.selenium.WebDriverException" message="Element is not clickable at point (399.04998779296875, 73). Other element would receive the click: &amp;lt;div style=&amp;quot;display: block;&amp;quot; id=&amp;quot;overlay_about&amp;quot;&amp;gt;&amp;lt;/div&amp;gt;
Command duration or timeout: 172 milliseconds
Build info: version: &amp;apos;2.53.1&amp;apos;, revision: &amp;apos;a36b8b1cd5757287168e54b817830adce9b0158d&amp;apos;, time: &amp;apos;2016-06-30 19:26:09&amp;apos;
System info: host: &amp;apos;01HW510223&amp;apos;, ip: &amp;apos;157.227.151.27&amp;apos;, os.name: &amp;apos;Windows 7&amp;apos;, os.arch: &amp;apos;x86&amp;apos;, os.version: &amp;apos;6.1&amp;apos;, java.version: &amp;apos;1.7.0_51&amp;apos;
Session ID: 6dc0faa1-0ca7-4e87-bca6-d1f546f149f5
Driver info: org.openqa.selenium.firefox.FirefoxDriver
Capabilities [{platform=WINDOWS, acceptSslCerts=true, javascriptEnabled=true, cssSelectorsEnabled=true, databaseEnabled=true, browserName=firefox, handlesAlerts=true, nativeEvents=false, webStorageEnabled=true, rotatable=false, locationContextEnabled=true, applicationCacheEnabled=true, takesScreenshot=true, version=46.0}]">
      <![CDATA[org.openqa.selenium.WebDriverException: Element is not clickable at point (399.04998779296875, 73). Other element would receive the click: <div style="display: block;" id="overlay_about"></div>
Command duration or timeout: 172 milliseconds
Build info: version: '2.53.1', revision: 'a36b8b1cd5757287168e54b817830adce9b0158d', time: '2016-06-30 19:26:09'
System info: host: '01HW510223', ip: '157.227.151.27', os.name: 'Windows 7', os.arch: 'x86', os.version: '6.1', java.version: '1.7.0_51'
Session ID: 6dc0faa1-0ca7-4e87-bca6-d1f546f149f5
Driver info: org.openqa.selenium.firefox.FirefoxDriver
Capabilities [{platform=WINDOWS, acceptSslCerts=true, javascriptEnabled=true, cssSelectorsEnabled=true, databaseEnabled=true, browserName=firefox, handlesAlerts=true, nativeEvents=false, webStorageEnabled=true, rotatable=false, locationContextEnabled=true, applicationCacheEnabled=true, takesScreenshot=true, version=46.0}]
	at org.openqa.selenium.remote.ErrorHandler.createThrowable(ErrorHandler.java:206)
	at org.openqa.selenium.remote.ErrorHandler.throwIfResponseFailed(ErrorHandler.java:158)
	at org.openqa.selenium.remote.RemoteWebDriver.execute(RemoteWebDriver.java:678)
	at org.openqa.selenium.remote.RemoteWebElement.execute(RemoteWebElement.java:327)
	at org.openqa.selenium.remote.RemoteWebElement.click(RemoteWebElement.java:85)
	at iaccinteg.democlassurl.closeb(democlassurl.java:178)
... Removed 26 stack frames]]>
    </failure>
  </testcase> <!-- @AfterTest closeb -->
  <testcase name="shopflow" time="114.458" classname="iaccinteg.democlassurl"/>
</testsuite> <!-- Test -->
